<?xml version="1.0" encoding="UTF-8"?>
<!-- Generated by org.testng.reporters.JUnitReportReporter -->
<testsuite skipped="0" hostname="DESKTOP-OEPF5B3" name="com.bg.test.BGO_SmokeTest" tests="1" failures="0" timestamp="07 May 2019 12:00:24 GMT" time="31.280" errors="0">
  <testcase name="Launch_BGO" time="31.280" classname="com.bg.test.BGO_SmokeTest"/>
</testsuite> <!-- com.bg.test.BGO_SmokeTest -->
